/home/ubuntu_user12/miniconda3/envs/quast_env/bin/quast.py scaffolds.fasta -o quast-output

Version: 5.0.2

System information:
  OS: Linux-5.15.167.4-microsoft-standard-WSL2-x86_64-with-debian-trixie-sid (linux_64)
  Python version: 3.6.15
  CPUs number: 12

Started: 2025-08-24 21:44:19

Logging to /home/ubuntu_user12/assembly/data/spades_output/quast-output/quast.log
NOTICE: Maximum number of threads is set to 3 (use --threads option to set it manually)

CWD: /home/ubuntu_user12/assembly/data/spades_output
Main parameters: 
  MODE: default, threads: 3, minimum contig length: 500, minimum alignment length: 65, \
  ambiguity: one, threshold for extensive misassembly size: 1000

Contigs:
  Pre-processing...
  scaffolds.fasta ==> scaffolds

2025-08-24 21:44:20
Running Basic statistics processor...
  Contig files: 
    scaffolds
  Calculating N50 and L50...
    scaffolds, N50 = 92062, L50 = 2, Total length = 799172, GC % = 39.78, # N's per 100 kbp =  0.00
  Drawing Nx plot...
    saved to /home/ubuntu_user12/assembly/data/spades_output/quast-output/basic_stats/Nx_plot.pdf
  Drawing cumulative plot...
    saved to /home/ubuntu_user12/assembly/data/spades_output/quast-output/basic_stats/cumulative_plot.pdf
  Drawing GC content plot...
    saved to /home/ubuntu_user12/assembly/data/spades_output/quast-output/basic_stats/GC_content_plot.pdf
  Drawing scaffolds GC content plot...
    saved to /home/ubuntu_user12/assembly/data/spades_output/quast-output/basic_stats/scaffolds_GC_content_plot.pdf
  Drawing Coverage histogram (bin size: 6x)...
    saved to /home/ubuntu_user12/assembly/data/spades_output/quast-output/basic_stats/coverage_histogram.pdf
  Drawing scaffolds coverage histogram (bin size: 6x)...
    saved to /home/ubuntu_user12/assembly/data/spades_output/quast-output/basic_stats/scaffolds_coverage_histogram.pdf
Done.

NOTICE: Genes are not predicted by default. Use --gene-finding or --glimmer option to enable it.

2025-08-24 21:44:22
Creating large visual summaries...
This may take a while: press Ctrl-C to skip this step..
  1 of 2: Creating Icarus viewers...
  2 of 2: Creating PDF with all tables and plots...
Done

2025-08-24 21:44:22
RESULTS:
  Text versions of total report are saved to /home/ubuntu_user12/assembly/data/spades_output/quast-output/report.txt, report.tsv, and report.tex
  Text versions of transposed total report are saved to /home/ubuntu_user12/assembly/data/spades_output/quast-output/transposed_report.txt, transposed_report.tsv, and transposed_report.tex
  HTML version (interactive tables and plots) is saved to /home/ubuntu_user12/assembly/data/spades_output/quast-output/report.html
  PDF version (tables and plots) is saved to /home/ubuntu_user12/assembly/data/spades_output/quast-output/report.pdf
  Icarus (contig browser) is saved to /home/ubuntu_user12/assembly/data/spades_output/quast-output/icarus.html
  Log is saved to /home/ubuntu_user12/assembly/data/spades_output/quast-output/quast.log

Finished: 2025-08-24 21:44:22
Elapsed time: 0:00:02.796463
NOTICEs: 2; WARNINGs: 1; non-fatal ERRORs: 0

Thank you for using QUAST!
